<?xml version="1.0" encoding="UTF-8"?>
<testsuite xmlns:xsi="http://www.w3.org/2001/XMLSchema-instance" xsi:noNamespaceSchemaLocation="https://maven.apache.org/surefire/maven-surefire-plugin/xsd/surefire-test-report-3.0.xsd" version="3.0" name="com.selop.PackageScannerTest" time="0.06" tests="5" errors="0" skipped="0" failures="0">
  <properties>
    <property name="java.specification.version" value="21"/>
    <property name="sun.jnu.encoding" value="UTF-8"/>
    <property name="java.class.path" value="/Users/selop/Git/LightweightIoC/target/test-classes:/Users/selop/Git/LightweightIoC/target/classes:/Users/selop/.m2/repository/javax/inject/javax.inject/1/javax.inject-1.jar:/Users/selop/.m2/repository/org/slf4j/slf4j-api/2.0.9/slf4j-api-2.0.9.jar:/Users/selop/.m2/repository/org/slf4j/slf4j-simple/2.0.9/slf4j-simple-2.0.9.jar:/Users/selop/.m2/repository/org/reflections/reflections/0.10.2/reflections-0.10.2.jar:/Users/selop/.m2/repository/org/javassist/javassist/3.28.0-GA/javassist-3.28.0-GA.jar:/Users/selop/.m2/repository/com/google/code/findbugs/jsr305/3.0.2/jsr305-3.0.2.jar:/Users/selop/.m2/repository/com/google/guava/guava/32.1.3-jre/guava-32.1.3-jre.jar:/Users/selop/.m2/repository/com/google/guava/failureaccess/1.0.1/failureaccess-1.0.1.jar:/Users/selop/.m2/repository/com/google/guava/listenablefuture/9999.0-empty-to-avoid-conflict-with-guava/listenablefuture-9999.0-empty-to-avoid-conflict-with-guava.jar:/Users/selop/.m2/repository/org/checkerframework/checker-qual/3.37.0/checker-qual-3.37.0.jar:/Users/selop/.m2/repository/com/google/errorprone/error_prone_annotations/2.21.1/error_prone_annotations-2.21.1.jar:/Users/selop/.m2/repository/com/google/j2objc/j2objc-annotations/2.8/j2objc-annotations-2.8.jar:/Users/selop/.m2/repository/org/junit/jupiter/junit-jupiter/5.10.0/junit-jupiter-5.10.0.jar:/Users/selop/.m2/repository/org/junit/jupiter/junit-jupiter-api/5.10.0/junit-jupiter-api-5.10.0.jar:/Users/selop/.m2/repository/org/opentest4j/opentest4j/1.3.0/opentest4j-1.3.0.jar:/Users/selop/.m2/repository/org/junit/platform/junit-platform-commons/1.10.0/junit-platform-commons-1.10.0.jar:/Users/selop/.m2/repository/org/apiguardian/apiguardian-api/1.1.2/apiguardian-api-1.1.2.jar:/Users/selop/.m2/repository/org/junit/jupiter/junit-jupiter-params/5.10.0/junit-jupiter-params-5.10.0.jar:/Users/selop/.m2/repository/org/junit/jupiter/junit-jupiter-engine/5.10.0/junit-jupiter-engine-5.10.0.jar:/Users/selop/.m2/repository/org/junit/platform/junit-platform-engine/1.10.0/junit-platform-engine-1.10.0.jar:/Users/selop/.m2/repository/org/hamcrest/hamcrest/2.2/hamcrest-2.2.jar:"/>
    <property name="java.vm.vendor" value="Oracle Corporation"/>
    <property name="sun.arch.data.model" value="64"/>
    <property name="java.vendor.url" value="https://java.oracle.com/"/>
    <property name="user.timezone" value="Europe/Berlin"/>
    <property name="os.name" value="Mac OS X"/>
    <property name="java.vm.specification.version" value="21"/>
    <property name="sun.java.launcher" value="SUN_STANDARD"/>
    <property name="user.country" value="US"/>
    <property name="sun.boot.library.path" value="/Users/selop/.sdkman/candidates/java/21.0.4-graal/lib"/>
    <property name="sun.java.command" value="/Users/selop/Git/LightweightIoC/target/surefire/surefirebooter-20250107202018383_3.jar /Users/selop/Git/LightweightIoC/target/surefire 2025-01-07T20-20-17_991-jvmRun1 surefire-20250107202018383_1tmp surefire_0-20250107202018383_2tmp"/>
    <property name="http.nonProxyHosts" value="local|*.local|169.254/16|*.169.254/16"/>
    <property name="jdk.debug" value="release"/>
    <property name="surefire.test.class.path" value="/Users/selop/Git/LightweightIoC/target/test-classes:/Users/selop/Git/LightweightIoC/target/classes:/Users/selop/.m2/repository/javax/inject/javax.inject/1/javax.inject-1.jar:/Users/selop/.m2/repository/org/slf4j/slf4j-api/2.0.9/slf4j-api-2.0.9.jar:/Users/selop/.m2/repository/org/slf4j/slf4j-simple/2.0.9/slf4j-simple-2.0.9.jar:/Users/selop/.m2/repository/org/reflections/reflections/0.10.2/reflections-0.10.2.jar:/Users/selop/.m2/repository/org/javassist/javassist/3.28.0-GA/javassist-3.28.0-GA.jar:/Users/selop/.m2/repository/com/google/code/findbugs/jsr305/3.0.2/jsr305-3.0.2.jar:/Users/selop/.m2/repository/com/google/guava/guava/32.1.3-jre/guava-32.1.3-jre.jar:/Users/selop/.m2/repository/com/google/guava/failureaccess/1.0.1/failureaccess-1.0.1.jar:/Users/selop/.m2/repository/com/google/guava/listenablefuture/9999.0-empty-to-avoid-conflict-with-guava/listenablefuture-9999.0-empty-to-avoid-conflict-with-guava.jar:/Users/selop/.m2/repository/org/checkerframework/checker-qual/3.37.0/checker-qual-3.37.0.jar:/Users/selop/.m2/repository/com/google/errorprone/error_prone_annotations/2.21.1/error_prone_annotations-2.21.1.jar:/Users/selop/.m2/repository/com/google/j2objc/j2objc-annotations/2.8/j2objc-annotations-2.8.jar:/Users/selop/.m2/repository/org/junit/jupiter/junit-jupiter/5.10.0/junit-jupiter-5.10.0.jar:/Users/selop/.m2/repository/org/junit/jupiter/junit-jupiter-api/5.10.0/junit-jupiter-api-5.10.0.jar:/Users/selop/.m2/repository/org/opentest4j/opentest4j/1.3.0/opentest4j-1.3.0.jar:/Users/selop/.m2/repository/org/junit/platform/junit-platform-commons/1.10.0/junit-platform-commons-1.10.0.jar:/Users/selop/.m2/repository/org/apiguardian/apiguardian-api/1.1.2/apiguardian-api-1.1.2.jar:/Users/selop/.m2/repository/org/junit/jupiter/junit-jupiter-params/5.10.0/junit-jupiter-params-5.10.0.jar:/Users/selop/.m2/repository/org/junit/jupiter/junit-jupiter-engine/5.10.0/junit-jupiter-engine-5.10.0.jar:/Users/selop/.m2/repository/org/junit/platform/junit-platform-engine/1.10.0/junit-platform-engine-1.10.0.jar:/Users/selop/.m2/repository/org/hamcrest/hamcrest/2.2/hamcrest-2.2.jar:"/>
    <property name="sun.cpu.endian" value="little"/>
    <property name="user.home" value="/Users/selop"/>
    <property name="user.language" value="en"/>
    <property name="java.specification.vendor" value="Oracle Corporation"/>
    <property name="java.version.date" value="2024-07-16"/>
    <property name="java.home" value="/Users/selop/.sdkman/candidates/java/21.0.4-graal"/>
    <property name="file.separator" value="/"/>
    <property name="basedir" value="/Users/selop/Git/LightweightIoC"/>
    <property name="java.vm.compressedOopsMode" value="Zero based"/>
    <property name="jdk.internal.vm.ci.enabled" value="true"/>
    <property name="line.separator" value="&#10;"/>
    <property name="java.vm.specification.vendor" value="Oracle Corporation"/>
    <property name="java.specification.name" value="Java Platform API Specification"/>
    <property name="apple.awt.application.name" value="ForkedBooter"/>
    <property name="surefire.real.class.path" value="/Users/selop/Git/LightweightIoC/target/surefire/surefirebooter-20250107202018383_3.jar"/>
    <property name="sun.management.compiler" value="HotSpot 64-Bit Tiered Compilers"/>
    <property name="ftp.nonProxyHosts" value="local|*.local|169.254/16|*.169.254/16"/>
    <property name="java.runtime.version" value="21.0.4+8-LTS-jvmci-23.1-b41"/>
    <property name="user.name" value="selop"/>
    <property name="stdout.encoding" value="UTF-8"/>
    <property name="path.separator" value=":"/>
    <property name="os.version" value="15.1.1"/>
    <property name="java.runtime.name" value="Java(TM) SE Runtime Environment"/>
    <property name="file.encoding" value="UTF-8"/>
    <property name="java.vm.name" value="Java HotSpot(TM) 64-Bit Server VM"/>
    <property name="java.vendor.version" value="Oracle GraalVM 21.0.4+8.1"/>
    <property name="localRepository" value="/Users/selop/.m2/repository"/>
    <property name="java.vendor.url.bug" value="https://bugreport.java.com/bugreport/"/>
    <property name="java.io.tmpdir" value="/var/folders/fk/v3h7dm3924jfq73snzypxm580000gn/T/"/>
    <property name="java.version" value="21.0.4"/>
    <property name="user.dir" value="/Users/selop/Git/LightweightIoC"/>
    <property name="os.arch" value="aarch64"/>
    <property name="java.vm.specification.name" value="Java Virtual Machine Specification"/>
    <property name="native.encoding" value="UTF-8"/>
    <property name="java.library.path" value="/Users/selop/Library/Java/Extensions:/Library/Java/Extensions:/Network/Library/Java/Extensions:/System/Library/Java/Extensions:/usr/lib/java:."/>
    <property name="java.vm.info" value="mixed mode, sharing"/>
    <property name="stderr.encoding" value="UTF-8"/>
    <property name="java.vendor" value="Oracle Corporation"/>
    <property name="java.vm.version" value="21.0.4+8-LTS-jvmci-23.1-b41"/>
    <property name="sun.io.unicode.encoding" value="UnicodeBig"/>
    <property name="socksNonProxyHosts" value="local|*.local|169.254/16|*.169.254/16"/>
    <property name="java.class.version" value="65.0"/>
  </properties>
  <testcase name="beanListSingletonNotNull" classname="com.selop.PackageScannerTest" time="0.042">
    <system-err><![CDATA[[main] INFO org.reflections.Reflections - Reflections took 20 ms to scan 1 urls, producing 6 keys and 25 values
[main] INFO com.selop.container.PackageScanner - Bean : CircularDepChild with @Name annotation is registered.
[main] INFO com.selop.container.PackageScanner - Singleton-Bean : com.selop.beans.subpackage.CircularDepChild with @Singleton annotation registered.
[main] INFO com.selop.container.PackageScanner - Bean : CircularDepBean with @Name annotation is registered.
[main] INFO com.selop.container.PackageScanner - Singleton-Bean : com.selop.beans.subpackage.CircularDepBean with @Singleton annotation registered.
[main] INFO com.selop.container.PackageScanner - Bean : CircularDepParent with @Name annotation is registered.
[main] INFO com.selop.container.PackageScanner - Singleton-Bean : com.selop.beans.subpackage.CircularDepParent with @Singleton annotation registered.
[main] INFO com.selop.container.PackageScanner - Bean : Subpackage with @Name annotation is registered.
[main] INFO com.selop.container.PackageScanner - Singleton-Bean : com.selop.beans.subpackage.SubpackageBean2 with @Singleton annotation registered.
[main] INFO com.selop.container.PackageScanner - Bean : SubpackageBean with @Name annotation is registered.
[main] INFO com.selop.container.PackageScanner - Singleton-Bean : com.selop.beans.subpackage.SubpackageBean with @Singleton annotation registered.
[main] INFO com.selop.container.PackageScanner - Bean : Parent with @Name annotation is registered.
[main] INFO com.selop.container.PackageScanner - Singleton-Bean : com.selop.beans.Parent with @Singleton annotation registered.
[main] INFO com.selop.container.PackageScanner - Bean : Child with @Name annotation is registered.
[main] INFO com.selop.container.PackageScanner - Singleton-Bean : com.selop.beans.Child with @Singleton annotation registered.
]]></system-err>
  </testcase>
  <testcase name="checkCountOfFoundBeansWithNamedAnnotations" classname="com.selop.PackageScannerTest" time="0.005">
    <system-err><![CDATA[[main] INFO org.reflections.Reflections - Reflections took 3 ms to scan 1 urls, producing 6 keys and 25 values
[main] INFO com.selop.container.PackageScanner - Bean : CircularDepChild with @Name annotation is registered.
[main] INFO com.selop.container.PackageScanner - Singleton-Bean : com.selop.beans.subpackage.CircularDepChild with @Singleton annotation registered.
[main] INFO com.selop.container.PackageScanner - Bean : CircularDepBean with @Name annotation is registered.
[main] INFO com.selop.container.PackageScanner - Singleton-Bean : com.selop.beans.subpackage.CircularDepBean with @Singleton annotation registered.
[main] INFO com.selop.container.PackageScanner - Bean : CircularDepParent with @Name annotation is registered.
[main] INFO com.selop.container.PackageScanner - Singleton-Bean : com.selop.beans.subpackage.CircularDepParent with @Singleton annotation registered.
[main] INFO com.selop.container.PackageScanner - Bean : Subpackage with @Name annotation is registered.
[main] INFO com.selop.container.PackageScanner - Singleton-Bean : com.selop.beans.subpackage.SubpackageBean2 with @Singleton annotation registered.
[main] INFO com.selop.container.PackageScanner - Bean : SubpackageBean with @Name annotation is registered.
[main] INFO com.selop.container.PackageScanner - Singleton-Bean : com.selop.beans.subpackage.SubpackageBean with @Singleton annotation registered.
[main] INFO com.selop.container.PackageScanner - Bean : Parent with @Name annotation is registered.
[main] INFO com.selop.container.PackageScanner - Singleton-Bean : com.selop.beans.Parent with @Singleton annotation registered.
[main] INFO com.selop.container.PackageScanner - Bean : Child with @Name annotation is registered.
[main] INFO com.selop.container.PackageScanner - Singleton-Bean : com.selop.beans.Child with @Singleton annotation registered.
]]></system-err>
  </testcase>
  <testcase name="checkCountOfFoundBeansWithSingletonAnnotations" classname="com.selop.PackageScannerTest" time="0.005">
    <system-err><![CDATA[[main] INFO org.reflections.Reflections - Reflections took 3 ms to scan 1 urls, producing 6 keys and 25 values
[main] INFO com.selop.container.PackageScanner - Bean : CircularDepChild with @Name annotation is registered.
[main] INFO com.selop.container.PackageScanner - Singleton-Bean : com.selop.beans.subpackage.CircularDepChild with @Singleton annotation registered.
[main] INFO com.selop.container.PackageScanner - Bean : CircularDepBean with @Name annotation is registered.
[main] INFO com.selop.container.PackageScanner - Singleton-Bean : com.selop.beans.subpackage.CircularDepBean with @Singleton annotation registered.
[main] INFO com.selop.container.PackageScanner - Bean : CircularDepParent with @Name annotation is registered.
[main] INFO com.selop.container.PackageScanner - Singleton-Bean : com.selop.beans.subpackage.CircularDepParent with @Singleton annotation registered.
[main] INFO com.selop.container.PackageScanner - Bean : Subpackage with @Name annotation is registered.
[main] INFO com.selop.container.PackageScanner - Singleton-Bean : com.selop.beans.subpackage.SubpackageBean2 with @Singleton annotation registered.
[main] INFO com.selop.container.PackageScanner - Bean : SubpackageBean with @Name annotation is registered.
[main] INFO com.selop.container.PackageScanner - Singleton-Bean : com.selop.beans.subpackage.SubpackageBean with @Singleton annotation registered.
[main] INFO com.selop.container.PackageScanner - Bean : Parent with @Name annotation is registered.
[main] INFO com.selop.container.PackageScanner - Singleton-Bean : com.selop.beans.Parent with @Singleton annotation registered.
[main] INFO com.selop.container.PackageScanner - Bean : Child with @Name annotation is registered.
[main] INFO com.selop.container.PackageScanner - Singleton-Bean : com.selop.beans.Child with @Singleton annotation registered.
]]></system-err>
  </testcase>
  <testcase name="beanListNamedNotNull" classname="com.selop.PackageScannerTest" time="0.003">
    <system-err><![CDATA[[main] INFO org.reflections.Reflections - Reflections took 2 ms to scan 1 urls, producing 6 keys and 25 values
[main] INFO com.selop.container.PackageScanner - Bean : CircularDepChild with @Name annotation is registered.
[main] INFO com.selop.container.PackageScanner - Singleton-Bean : com.selop.beans.subpackage.CircularDepChild with @Singleton annotation registered.
[main] INFO com.selop.container.PackageScanner - Bean : CircularDepBean with @Name annotation is registered.
[main] INFO com.selop.container.PackageScanner - Singleton-Bean : com.selop.beans.subpackage.CircularDepBean with @Singleton annotation registered.
[main] INFO com.selop.container.PackageScanner - Bean : CircularDepParent with @Name annotation is registered.
[main] INFO com.selop.container.PackageScanner - Singleton-Bean : com.selop.beans.subpackage.CircularDepParent with @Singleton annotation registered.
[main] INFO com.selop.container.PackageScanner - Bean : Subpackage with @Name annotation is registered.
[main] INFO com.selop.container.PackageScanner - Singleton-Bean : com.selop.beans.subpackage.SubpackageBean2 with @Singleton annotation registered.
[main] INFO com.selop.container.PackageScanner - Bean : SubpackageBean with @Name annotation is registered.
[main] INFO com.selop.container.PackageScanner - Singleton-Bean : com.selop.beans.subpackage.SubpackageBean with @Singleton annotation registered.
[main] INFO com.selop.container.PackageScanner - Bean : Parent with @Name annotation is registered.
[main] INFO com.selop.container.PackageScanner - Singleton-Bean : com.selop.beans.Parent with @Singleton annotation registered.
[main] INFO com.selop.container.PackageScanner - Bean : Child with @Name annotation is registered.
[main] INFO com.selop.container.PackageScanner - Singleton-Bean : com.selop.beans.Child with @Singleton annotation registered.
]]></system-err>
  </testcase>
  <testcase name="scannerNotNull" classname="com.selop.PackageScannerTest" time="0.003">
    <system-err><![CDATA[[main] INFO org.reflections.Reflections - Reflections took 2 ms to scan 1 urls, producing 6 keys and 25 values
[main] INFO com.selop.container.PackageScanner - Bean : CircularDepChild with @Name annotation is registered.
[main] INFO com.selop.container.PackageScanner - Singleton-Bean : com.selop.beans.subpackage.CircularDepChild with @Singleton annotation registered.
[main] INFO com.selop.container.PackageScanner - Bean : CircularDepBean with @Name annotation is registered.
[main] INFO com.selop.container.PackageScanner - Singleton-Bean : com.selop.beans.subpackage.CircularDepBean with @Singleton annotation registered.
[main] INFO com.selop.container.PackageScanner - Bean : CircularDepParent with @Name annotation is registered.
[main] INFO com.selop.container.PackageScanner - Singleton-Bean : com.selop.beans.subpackage.CircularDepParent with @Singleton annotation registered.
[main] INFO com.selop.container.PackageScanner - Bean : Subpackage with @Name annotation is registered.
[main] INFO com.selop.container.PackageScanner - Singleton-Bean : com.selop.beans.subpackage.SubpackageBean2 with @Singleton annotation registered.
[main] INFO com.selop.container.PackageScanner - Bean : SubpackageBean with @Name annotation is registered.
[main] INFO com.selop.container.PackageScanner - Singleton-Bean : com.selop.beans.subpackage.SubpackageBean with @Singleton annotation registered.
[main] INFO com.selop.container.PackageScanner - Bean : Parent with @Name annotation is registered.
[main] INFO com.selop.container.PackageScanner - Singleton-Bean : com.selop.beans.Parent with @Singleton annotation registered.
[main] INFO com.selop.container.PackageScanner - Bean : Child with @Name annotation is registered.
[main] INFO com.selop.container.PackageScanner - Singleton-Bean : com.selop.beans.Child with @Singleton annotation registered.
]]></system-err>
  </testcase>
</testsuite>